{"/workspaces/workspace/src/App.js": {"path":"/workspaces/workspace/src/App.js","statementMap":{"0":{"start":{"line":13,"column":32},"end":{"line":13,"column":47}},"1":{"start":{"line":14,"column":28},"end":{"line":14,"column":46}},"2":{"start":{"line":16,"column":2},"end":{"line":20,"column":9}},"3":{"start":{"line":18,"column":4},"end":{"line":19,"column":26}},"4":{"start":{"line":18,"column":27},"end":{"line":18,"column":45}},"5":{"start":{"line":19,"column":9},"end":{"line":19,"column":26}},"6":{"start":{"line":23,"column":4},"end":{"line":23,"column":51}},"7":{"start":{"line":24,"column":4},"end":{"line":24,"column":25}},"8":{"start":{"line":27,"column":2},"end":{"line":43,"column":4}},"9":{"start":{"line":34,"column":34},"end":{"line":34,"column":57}}},"fnMap":{"0":{"name":"App","decl":{"start":{"line":12,"column":24},"end":{"line":12,"column":27}},"loc":{"start":{"line":12,"column":30},"end":{"line":44,"column":1}},"line":12},"1":{"name":"(anonymous_1)","decl":{"start":{"line":16,"column":12},"end":{"line":16,"column":13}},"loc":{"start":{"line":16,"column":18},"end":{"line":20,"column":3}},"line":16},"2":{"name":"handleNightModeChange","decl":{"start":{"line":22,"column":11},"end":{"line":22,"column":32}},"loc":{"start":{"line":22,"column":35},"end":{"line":25,"column":3}},"line":22},"3":{"name":"(anonymous_3)","decl":{"start":{"line":34,"column":28},"end":{"line":34,"column":29}},"loc":{"start":{"line":34,"column":34},"end":{"line":34,"column":57}},"line":34}},"branchMap":{"0":{"loc":{"start":{"line":18,"column":4},"end":{"line":19,"column":26}},"type":"if","locations":[{"start":{"line":18,"column":4},"end":{"line":19,"column":26}},{"start":{"line":19,"column":9},"end":{"line":19,"column":26}}],"line":18},"1":{"loc":{"start":{"line":23,"column":13},"end":{"line":23,"column":49}},"type":"cond-expr","locations":[{"start":{"line":23,"column":33},"end":{"line":23,"column":39}},{"start":{"line":23,"column":42},"end":{"line":23,"column":49}}],"line":23}},"s":{"0":0,"1":0,"2":0,"3":0,"4":0,"5":0,"6":0,"7":0,"8":0,"9":0},"f":{"0":0,"1":0,"2":0,"3":0},"b":{"0":[0,0],"1":[0,0]}}
,"/workspaces/workspace/src/index.js": {"path":"/workspaces/workspace/src/index.js","statementMap":{"0":{"start":{"line":7,"column":20},"end":{"line":7,"column":51}},"1":{"start":{"line":8,"column":13},"end":{"line":8,"column":36}},"2":{"start":{"line":10,"column":0},"end":{"line":16,"column":2}}},"fnMap":{},"branchMap":{},"s":{"0":0,"1":0,"2":0},"f":{},"b":{}}
,"/workspaces/workspace/src/components/group-tile/index.jsx": {"path":"/workspaces/workspace/src/components/group-tile/index.jsx","statementMap":{"0":{"start":{"line":9,"column":19},"end":{"line":9,"column":32}},"1":{"start":{"line":11,"column":4},"end":{"line":11,"column":23}},"2":{"start":{"line":12,"column":4},"end":{"line":12,"column":33}},"3":{"start":{"line":13,"column":4},"end":{"line":13,"column":31}},"4":{"start":{"line":15,"column":2},"end":{"line":51,"column":4}},"5":{"start":{"line":45,"column":34},"end":{"line":45,"column":53}},"6":{"start":{"line":54,"column":0},"end":{"line":59,"column":2}}},"fnMap":{"0":{"name":"GroupTile","decl":{"start":{"line":8,"column":24},"end":{"line":8,"column":33}},"loc":{"start":{"line":8,"column":79},"end":{"line":52,"column":1}},"line":8},"1":{"name":"handleDeleteCard","decl":{"start":{"line":10,"column":11},"end":{"line":10,"column":27}},"loc":{"start":{"line":10,"column":31},"end":{"line":14,"column":3}},"line":10},"2":{"name":"(anonymous_2)","decl":{"start":{"line":45,"column":27},"end":{"line":45,"column":28}},"loc":{"start":{"line":45,"column":34},"end":{"line":45,"column":53}},"line":45}},"branchMap":{"0":{"loc":{"start":{"line":22,"column":11},"end":{"line":24,"column":18}},"type":"cond-expr","locations":[{"start":{"line":23,"column":12},"end":{"line":23,"column":77}},{"start":{"line":24,"column":14},"end":{"line":24,"column":18}}],"line":22},"1":{"loc":{"start":{"line":34,"column":25},"end":{"line":34,"column":59}},"type":"cond-expr","locations":[{"start":{"line":34,"column":43},"end":{"line":34,"column":49}},{"start":{"line":34,"column":52},"end":{"line":34,"column":59}}],"line":34}},"s":{"0":1,"1":0,"2":0,"3":0,"4":1,"5":0,"6":2},"f":{"0":1,"1":0,"2":0},"b":{"0":[1,0],"1":[0,1]},"_coverageSchema":"1a1c01bbd47fc00a2c39e90264f33305004495a9","hash":"a4165ca43b4f6585f50c05d2126425660cb69aaf"}
,"/workspaces/workspace/src/components/modal/index.jsx": {"path":"/workspaces/workspace/src/components/modal/index.jsx","statementMap":{"0":{"start":{"line":5,"column":2},"end":{"line":27,"column":4}},"1":{"start":{"line":30,"column":0},"end":{"line":33,"column":2}}},"fnMap":{"0":{"name":"Modal","decl":{"start":{"line":4,"column":24},"end":{"line":4,"column":29}},"loc":{"start":{"line":4,"column":49},"end":{"line":28,"column":1}},"line":4}},"branchMap":{"0":{"loc":{"start":{"line":22,"column":47},"end":{"line":22,"column":65}},"type":"cond-expr","locations":[{"start":{"line":22,"column":54},"end":{"line":22,"column":58}},{"start":{"line":22,"column":61},"end":{"line":22,"column":65}}],"line":22}},"s":{"0":0,"1":1},"f":{"0":0},"b":{"0":[0,0]},"_coverageSchema":"1a1c01bbd47fc00a2c39e90264f33305004495a9","hash":"afc187ea9076703a92e9b7834d67a189d357941d"}
,"/workspaces/workspace/src/components/modal/index.text.js": {"path":"/workspaces/workspace/src/components/modal/index.text.js","statementMap":{"0":{"start":{"line":4,"column":0},"end":{"line":13,"column":3}},"1":{"start":{"line":5,"column":2},"end":{"line":12,"column":5}},"2":{"start":{"line":6,"column":4},"end":{"line":6,"column":53}},"3":{"start":{"line":7,"column":24},"end":{"line":7,"column":48}},"4":{"start":{"line":8,"column":4},"end":{"line":8,"column":44}},"5":{"start":{"line":10,"column":27},"end":{"line":10,"column":54}},"6":{"start":{"line":11,"column":4},"end":{"line":11,"column":47}}},"fnMap":{"0":{"name":"(anonymous_0)","decl":{"start":{"line":4,"column":36},"end":{"line":4,"column":37}},"loc":{"start":{"line":4,"column":42},"end":{"line":13,"column":1}},"line":4},"1":{"name":"(anonymous_1)","decl":{"start":{"line":5,"column":23},"end":{"line":5,"column":24}},"loc":{"start":{"line":5,"column":29},"end":{"line":12,"column":3}},"line":5},"2":{"name":"(anonymous_2)","decl":{"start":{"line":6,"column":39},"end":{"line":6,"column":40}},"loc":{"start":{"line":6,"column":45},"end":{"line":6,"column":47}},"line":6}},"branchMap":{},"s":{"0":0,"1":0,"2":0,"3":0,"4":0,"5":0,"6":0},"f":{"0":0,"1":0,"2":0},"b":{}}
,"/workspaces/workspace/src/components/night-mode/index.jsx": {"path":"/workspaces/workspace/src/components/night-mode/index.jsx","statementMap":{"0":{"start":{"line":6,"column":28},"end":{"line":16,"column":4}},"1":{"start":{"line":8,"column":4},"end":{"line":14,"column":5}},"2":{"start":{"line":9,"column":6},"end":{"line":11,"column":8}},"3":{"start":{"line":13,"column":6},"end":{"line":13,"column":34}},"4":{"start":{"line":15,"column":4},"end":{"line":15,"column":24}},"5":{"start":{"line":17,"column":2},"end":{"line":19,"column":19}},"6":{"start":{"line":18,"column":4},"end":{"line":18,"column":53}},"7":{"start":{"line":20,"column":2},"end":{"line":20,"column":27}}},"fnMap":{"0":{"name":"NightMode","decl":{"start":{"line":4,"column":24},"end":{"line":4,"column":33}},"loc":{"start":{"line":4,"column":53},"end":{"line":21,"column":1}},"line":4},"1":{"name":"(anonymous_1)","decl":{"start":{"line":6,"column":37},"end":{"line":6,"column":38}},"loc":{"start":{"line":6,"column":43},"end":{"line":16,"column":3}},"line":6},"2":{"name":"(anonymous_2)","decl":{"start":{"line":17,"column":12},"end":{"line":17,"column":13}},"loc":{"start":{"line":17,"column":18},"end":{"line":19,"column":3}},"line":17}},"branchMap":{"0":{"loc":{"start":{"line":10,"column":8},"end":{"line":10,"column":57}},"type":"binary-expr","locations":[{"start":{"line":10,"column":8},"end":{"line":10,"column":33}},{"start":{"line":10,"column":37},"end":{"line":10,"column":57}}],"line":10}},"s":{"0":0,"1":0,"2":0,"3":0,"4":0,"5":0,"6":0,"7":0},"f":{"0":0,"1":0,"2":0},"b":{"0":[0,0]}}
,"/workspaces/workspace/src/components/pdf-component/index.jsx": {"path":"/workspaces/workspace/src/components/pdf-component/index.jsx","statementMap":{"0":{"start":{"line":13,"column":15},"end":{"line":25,"column":2}},"1":{"start":{"line":28,"column":2},"end":{"line":58,"column":4}},"2":{"start":{"line":41,"column":12},"end":{"line":53,"column":14}},"3":{"start":{"line":60,"column":0},"end":{"line":65,"column":2}}},"fnMap":{"0":{"name":"PDFComponent","decl":{"start":{"line":27,"column":24},"end":{"line":27,"column":36}},"loc":{"start":{"line":27,"column":79},"end":{"line":59,"column":1}},"line":27},"1":{"name":"(anonymous_1)","decl":{"start":{"line":40,"column":21},"end":{"line":40,"column":22}},"loc":{"start":{"line":40,"column":31},"end":{"line":54,"column":11}},"line":40}},"branchMap":{"0":{"loc":{"start":{"line":34,"column":11},"end":{"line":34,"column":74}},"type":"cond-expr","locations":[{"start":{"line":34,"column":22},"end":{"line":34,"column":67}},{"start":{"line":34,"column":70},"end":{"line":34,"column":74}}],"line":34},"1":{"loc":{"start":{"line":47,"column":17},"end":{"line":49,"column":24}},"type":"cond-expr","locations":[{"start":{"line":48,"column":18},"end":{"line":48,"column":63}},{"start":{"line":49,"column":20},"end":{"line":49,"column":24}}],"line":47}},"s":{"0":0,"1":0,"2":0,"3":0},"f":{"0":0,"1":0},"b":{"0":[0,0],"1":[0,0]}}
,"/workspaces/workspace/src/components/tabs/index.jsx": {"path":"/workspaces/workspace/src/components/tabs/index.jsx","statementMap":{"0":{"start":{"line":6,"column":34},"end":{"line":6,"column":45}},"1":{"start":{"line":8,"column":2},"end":{"line":58,"column":4}},"2":{"start":{"line":37,"column":31},"end":{"line":37,"column":45}},"3":{"start":{"line":49,"column":31},"end":{"line":49,"column":45}}},"fnMap":{"0":{"name":"Tabs","decl":{"start":{"line":5,"column":24},"end":{"line":5,"column":28}},"loc":{"start":{"line":5,"column":31},"end":{"line":59,"column":1}},"line":5},"1":{"name":"(anonymous_1)","decl":{"start":{"line":37,"column":25},"end":{"line":37,"column":26}},"loc":{"start":{"line":37,"column":31},"end":{"line":37,"column":45}},"line":37},"2":{"name":"(anonymous_2)","decl":{"start":{"line":49,"column":25},"end":{"line":49,"column":26}},"loc":{"start":{"line":49,"column":31},"end":{"line":49,"column":45}},"line":49}},"branchMap":{"0":{"loc":{"start":{"line":33,"column":18},"end":{"line":35,"column":38}},"type":"cond-expr","locations":[{"start":{"line":34,"column":22},"end":{"line":34,"column":70}},{"start":{"line":35,"column":22},"end":{"line":35,"column":38}}],"line":33},"1":{"loc":{"start":{"line":45,"column":18},"end":{"line":47,"column":38}},"type":"cond-expr","locations":[{"start":{"line":46,"column":22},"end":{"line":46,"column":70}},{"start":{"line":47,"column":22},"end":{"line":47,"column":38}}],"line":45}},"s":{"0":0,"1":0,"2":0,"3":0},"f":{"0":0,"1":0,"2":0},"b":{"0":[0,0],"1":[0,0]}}
,"/workspaces/workspace/src/pages/create-new.jsx": {"path":"/workspaces/workspace/src/pages/create-new.jsx","statementMap":{"0":{"start":{"line":18,"column":19},"end":{"line":18,"column":32}},"1":{"start":{"line":19,"column":24},"end":{"line":19,"column":53}},"2":{"start":{"line":19,"column":47},"end":{"line":19,"column":52}},"3":{"start":{"line":20,"column":19},"end":{"line":20,"column":48}},"4":{"start":{"line":20,"column":42},"end":{"line":20,"column":47}},"5":{"start":{"line":21,"column":28},"end":{"line":21,"column":40}},"6":{"start":{"line":22,"column":40},"end":{"line":22,"column":52}},"7":{"start":{"line":23,"column":34},"end":{"line":23,"column":48}},"8":{"start":{"line":24,"column":26},"end":{"line":24,"column":38}},"9":{"start":{"line":25,"column":24},"end":{"line":25,"column":36}},"10":{"start":{"line":26,"column":24},"end":{"line":26,"column":38}},"11":{"start":{"line":27,"column":36},"end":{"line":27,"column":51}},"12":{"start":{"line":28,"column":32},"end":{"line":28,"column":43}},"13":{"start":{"line":29,"column":38},"end":{"line":29,"column":53}},"14":{"start":{"line":30,"column":40},"end":{"line":30,"column":55}},"15":{"start":{"line":31,"column":38},"end":{"line":31,"column":49}},"16":{"start":{"line":32,"column":38},"end":{"line":32,"column":50}},"17":{"start":{"line":35,"column":2},"end":{"line":41,"column":19}},"18":{"start":{"line":36,"column":4},"end":{"line":40,"column":5}},"19":{"start":{"line":37,"column":6},"end":{"line":39,"column":15}},"20":{"start":{"line":38,"column":8},"end":{"line":38,"column":26}},"21":{"start":{"line":44,"column":2},"end":{"line":53,"column":13}},"22":{"start":{"line":45,"column":4},"end":{"line":52,"column":5}},"23":{"start":{"line":46,"column":6},"end":{"line":51,"column":9}},"24":{"start":{"line":47,"column":8},"end":{"line":50,"column":9}},"25":{"start":{"line":48,"column":10},"end":{"line":48,"column":51}},"26":{"start":{"line":49,"column":10},"end":{"line":49,"column":22}},"27":{"start":{"line":58,"column":19},"end":{"line":58,"column":35}},"28":{"start":{"line":59,"column":4},"end":{"line":68,"column":5}},"29":{"start":{"line":60,"column":6},"end":{"line":60,"column":32}},"30":{"start":{"line":62,"column":6},"end":{"line":67,"column":9}},"31":{"start":{"line":63,"column":8},"end":{"line":63,"column":28}},"32":{"start":{"line":65,"column":8},"end":{"line":66,"column":25}},"33":{"start":{"line":65,"column":37},"end":{"line":65,"column":54}},"34":{"start":{"line":66,"column":13},"end":{"line":66,"column":25}},"35":{"start":{"line":73,"column":4},"end":{"line":73,"column":23}},"36":{"start":{"line":74,"column":4},"end":{"line":74,"column":27}},"37":{"start":{"line":78,"column":4},"end":{"line":78,"column":33}},"38":{"start":{"line":79,"column":4},"end":{"line":98,"column":5}},"39":{"start":{"line":80,"column":17},"end":{"line":80,"column":22}},"40":{"start":{"line":82,"column":6},"end":{"line":90,"column":9}},"41":{"start":{"line":83,"column":8},"end":{"line":89,"column":9}},"42":{"start":{"line":84,"column":10},"end":{"line":84,"column":43}},"43":{"start":{"line":85,"column":10},"end":{"line":85,"column":37}},"44":{"start":{"line":86,"column":10},"end":{"line":86,"column":31}},"45":{"start":{"line":87,"column":10},"end":{"line":87,"column":22}},"46":{"start":{"line":88,"column":10},"end":{"line":88,"column":41}},"47":{"start":{"line":91,"column":6},"end":{"line":97,"column":7}},"48":{"start":{"line":93,"column":8},"end":{"line":93,"column":27}},"49":{"start":{"line":94,"column":8},"end":{"line":94,"column":26}},"50":{"start":{"line":95,"column":8},"end":{"line":95,"column":30}},"51":{"start":{"line":96,"column":8},"end":{"line":96,"column":22}},"52":{"start":{"line":103,"column":4},"end":{"line":103,"column":24}},"53":{"start":{"line":107,"column":4},"end":{"line":107,"column":23}},"54":{"start":{"line":108,"column":4},"end":{"line":108,"column":36}},"55":{"start":{"line":109,"column":4},"end":{"line":109,"column":28}},"56":{"start":{"line":110,"column":4},"end":{"line":110,"column":24}},"57":{"start":{"line":114,"column":4},"end":{"line":114,"column":23}},"58":{"start":{"line":115,"column":4},"end":{"line":135,"column":5}},"59":{"start":{"line":116,"column":6},"end":{"line":132,"column":7}},"60":{"start":{"line":117,"column":25},"end":{"line":123,"column":9}},"61":{"start":{"line":125,"column":8},"end":{"line":125,"column":20}},"62":{"start":{"line":126,"column":8},"end":{"line":126,"column":19}},"63":{"start":{"line":127,"column":8},"end":{"line":127,"column":21}},"64":{"start":{"line":128,"column":8},"end":{"line":128,"column":32}},"65":{"start":{"line":129,"column":8},"end":{"line":129,"column":36}},"66":{"start":{"line":131,"column":8},"end":{"line":131,"column":49}},"67":{"start":{"line":134,"column":6},"end":{"line":134,"column":47}},"68":{"start":{"line":141,"column":4},"end":{"line":141,"column":23}},"69":{"start":{"line":142,"column":4},"end":{"line":182,"column":5}},"70":{"start":{"line":143,"column":6},"end":{"line":143,"column":24}},"71":{"start":{"line":145,"column":6},"end":{"line":151,"column":7}},"72":{"start":{"line":147,"column":8},"end":{"line":147,"column":28}},"73":{"start":{"line":150,"column":8},"end":{"line":150,"column":32}},"74":{"start":{"line":153,"column":6},"end":{"line":174,"column":7}},"75":{"start":{"line":155,"column":26},"end":{"line":160,"column":9}},"76":{"start":{"line":161,"column":8},"end":{"line":161,"column":38}},"77":{"start":{"line":164,"column":26},"end":{"line":167,"column":9}},"78":{"start":{"line":169,"column":8},"end":{"line":169,"column":45}},"79":{"start":{"line":170,"column":8},"end":{"line":170,"column":35}},"80":{"start":{"line":175,"column":6},"end":{"line":178,"column":7}},"81":{"start":{"line":177,"column":8},"end":{"line":177,"column":35}},"82":{"start":{"line":179,"column":6},"end":{"line":179,"column":25}},"83":{"start":{"line":181,"column":6},"end":{"line":181,"column":47}},"84":{"start":{"line":185,"column":2},"end":{"line":467,"column":4}},"85":{"start":{"line":203,"column":35},"end":{"line":203,"column":53}},"86":{"start":{"line":212,"column":24},"end":{"line":212,"column":65}},"87":{"start":{"line":234,"column":39},"end":{"line":234,"column":79}},"88":{"start":{"line":246,"column":31},"end":{"line":246,"column":61}},"89":{"start":{"line":256,"column":12},"end":{"line":383,"column":20}},"90":{"start":{"line":281,"column":39},"end":{"line":281,"column":44}},"91":{"start":{"line":282,"column":28},"end":{"line":289,"column":29}},"92":{"start":{"line":283,"column":30},"end":{"line":288,"column":33}},"93":{"start":{"line":284,"column":32},"end":{"line":287,"column":33}},"94":{"start":{"line":285,"column":34},"end":{"line":285,"column":46}},"95":{"start":{"line":286,"column":34},"end":{"line":286,"column":75}},"96":{"start":{"line":290,"column":28},"end":{"line":297,"column":29}},"97":{"start":{"line":291,"column":30},"end":{"line":296,"column":32}},"98":{"start":{"line":309,"column":28},"end":{"line":314,"column":29}},"99":{"start":{"line":345,"column":49},"end":{"line":345,"column":65}},"100":{"start":{"line":346,"column":44},"end":{"line":346,"column":48}},"101":{"start":{"line":348,"column":34},"end":{"line":348,"column":74}},"102":{"start":{"line":350,"column":34},"end":{"line":352,"column":37}},"103":{"start":{"line":351,"column":36},"end":{"line":351,"column":56}},"104":{"start":{"line":354,"column":34},"end":{"line":363,"column":43}},"105":{"start":{"line":355,"column":36},"end":{"line":362,"column":37}},"106":{"start":{"line":356,"column":52},"end":{"line":359,"column":39}},"107":{"start":{"line":361,"column":38},"end":{"line":361,"column":65}},"108":{"start":{"line":372,"column":48},"end":{"line":372,"column":73}},"109":{"start":{"line":375,"column":48},"end":{"line":375,"column":71}},"110":{"start":{"line":407,"column":37},"end":{"line":407,"column":60}},"111":{"start":{"line":418,"column":37},"end":{"line":418,"column":59}},"112":{"start":{"line":436,"column":39},"end":{"line":436,"column":78}}},"fnMap":{"0":{"name":"CreateFlashcards","decl":{"start":{"line":17,"column":24},"end":{"line":17,"column":40}},"loc":{"start":{"line":17,"column":43},"end":{"line":468,"column":1}},"line":17},"1":{"name":"(anonymous_1)","decl":{"start":{"line":19,"column":36},"end":{"line":19,"column":37}},"loc":{"start":{"line":19,"column":47},"end":{"line":19,"column":52}},"line":19},"2":{"name":"(anonymous_2)","decl":{"start":{"line":20,"column":31},"end":{"line":20,"column":32}},"loc":{"start":{"line":20,"column":42},"end":{"line":20,"column":47}},"line":20},"3":{"name":"(anonymous_3)","decl":{"start":{"line":35,"column":12},"end":{"line":35,"column":13}},"loc":{"start":{"line":35,"column":18},"end":{"line":41,"column":3}},"line":35},"4":{"name":"(anonymous_4)","decl":{"start":{"line":37,"column":17},"end":{"line":37,"column":18}},"loc":{"start":{"line":37,"column":23},"end":{"line":39,"column":7}},"line":37},"5":{"name":"(anonymous_5)","decl":{"start":{"line":44,"column":12},"end":{"line":44,"column":13}},"loc":{"start":{"line":44,"column":18},"end":{"line":53,"column":3}},"line":44},"6":{"name":"(anonymous_6)","decl":{"start":{"line":46,"column":15},"end":{"line":46,"column":16}},"loc":{"start":{"line":46,"column":25},"end":{"line":51,"column":7}},"line":46},"7":{"name":"handlesetImg","decl":{"start":{"line":56,"column":17},"end":{"line":56,"column":29}},"loc":{"start":{"line":56,"column":48},"end":{"line":69,"column":3}},"line":56},"8":{"name":"(anonymous_8)","decl":{"start":{"line":62,"column":38},"end":{"line":62,"column":39}},"loc":{"start":{"line":62,"column":44},"end":{"line":67,"column":7}},"line":62},"9":{"name":"handleEditCard","decl":{"start":{"line":72,"column":11},"end":{"line":72,"column":25}},"loc":{"start":{"line":72,"column":35},"end":{"line":75,"column":3}},"line":72},"10":{"name":"handleGroupName","decl":{"start":{"line":77,"column":11},"end":{"line":77,"column":26}},"loc":{"start":{"line":77,"column":34},"end":{"line":99,"column":3}},"line":77},"11":{"name":"(anonymous_11)","decl":{"start":{"line":82,"column":20},"end":{"line":82,"column":21}},"loc":{"start":{"line":82,"column":30},"end":{"line":90,"column":7}},"line":82},"12":{"name":"onClose","decl":{"start":{"line":102,"column":11},"end":{"line":102,"column":18}},"loc":{"start":{"line":102,"column":21},"end":{"line":104,"column":3}},"line":102},"13":{"name":"handleDeleteCard","decl":{"start":{"line":106,"column":11},"end":{"line":106,"column":27}},"loc":{"start":{"line":106,"column":37},"end":{"line":111,"column":3}},"line":106},"14":{"name":"handleSaveCard","decl":{"start":{"line":113,"column":11},"end":{"line":113,"column":25}},"loc":{"start":{"line":113,"column":29},"end":{"line":138,"column":3}},"line":113},"15":{"name":"handleSaveGroup","decl":{"start":{"line":140,"column":11},"end":{"line":140,"column":26}},"loc":{"start":{"line":140,"column":30},"end":{"line":183,"column":3}},"line":140},"16":{"name":"(anonymous_16)","decl":{"start":{"line":203,"column":28},"end":{"line":203,"column":29}},"loc":{"start":{"line":203,"column":35},"end":{"line":203,"column":53}},"line":203},"17":{"name":"(anonymous_17)","decl":{"start":{"line":211,"column":36},"end":{"line":211,"column":37}},"loc":{"start":{"line":212,"column":24},"end":{"line":212,"column":65}},"line":212},"18":{"name":"(anonymous_18)","decl":{"start":{"line":234,"column":32},"end":{"line":234,"column":33}},"loc":{"start":{"line":234,"column":39},"end":{"line":234,"column":79}},"line":234},"19":{"name":"(anonymous_19)","decl":{"start":{"line":246,"column":24},"end":{"line":246,"column":25}},"loc":{"start":{"line":246,"column":31},"end":{"line":246,"column":61}},"line":246},"20":{"name":"(anonymous_20)","decl":{"start":{"line":255,"column":19},"end":{"line":255,"column":20}},"loc":{"start":{"line":256,"column":12},"end":{"line":383,"column":20}},"line":256},"21":{"name":"(anonymous_21)","decl":{"start":{"line":280,"column":36},"end":{"line":280,"column":37}},"loc":{"start":{"line":280,"column":43},"end":{"line":298,"column":27}},"line":280},"22":{"name":"(anonymous_22)","decl":{"start":{"line":283,"column":39},"end":{"line":283,"column":40}},"loc":{"start":{"line":283,"column":49},"end":{"line":288,"column":31}},"line":283},"23":{"name":"(anonymous_23)","decl":{"start":{"line":308,"column":36},"end":{"line":308,"column":37}},"loc":{"start":{"line":309,"column":28},"end":{"line":314,"column":29}},"line":309},"24":{"name":"(anonymous_24)","decl":{"start":{"line":344,"column":42},"end":{"line":344,"column":43}},"loc":{"start":{"line":344,"column":49},"end":{"line":364,"column":33}},"line":344},"25":{"name":"(anonymous_25)","decl":{"start":{"line":350,"column":66},"end":{"line":350,"column":67}},"loc":{"start":{"line":350,"column":72},"end":{"line":352,"column":35}},"line":350},"26":{"name":"(anonymous_26)","decl":{"start":{"line":354,"column":45},"end":{"line":354,"column":46}},"loc":{"start":{"line":354,"column":51},"end":{"line":363,"column":35}},"line":354},"27":{"name":"(anonymous_27)","decl":{"start":{"line":372,"column":41},"end":{"line":372,"column":42}},"loc":{"start":{"line":372,"column":48},"end":{"line":372,"column":73}},"line":372},"28":{"name":"(anonymous_28)","decl":{"start":{"line":375,"column":41},"end":{"line":375,"column":42}},"loc":{"start":{"line":375,"column":48},"end":{"line":375,"column":71}},"line":375},"29":{"name":"(anonymous_29)","decl":{"start":{"line":407,"column":30},"end":{"line":407,"column":31}},"loc":{"start":{"line":407,"column":37},"end":{"line":407,"column":60}},"line":407},"30":{"name":"(anonymous_30)","decl":{"start":{"line":418,"column":30},"end":{"line":418,"column":31}},"loc":{"start":{"line":418,"column":37},"end":{"line":418,"column":59}},"line":418},"31":{"name":"(anonymous_31)","decl":{"start":{"line":436,"column":32},"end":{"line":436,"column":33}},"loc":{"start":{"line":436,"column":39},"end":{"line":436,"column":78}},"line":436}},"branchMap":{"0":{"loc":{"start":{"line":36,"column":4},"end":{"line":40,"column":5}},"type":"if","locations":[{"start":{"line":36,"column":4},"end":{"line":40,"column":5}},{"start":{},"end":{}}],"line":36},"1":{"loc":{"start":{"line":45,"column":4},"end":{"line":52,"column":5}},"type":"if","locations":[{"start":{"line":45,"column":4},"end":{"line":52,"column":5}},{"start":{},"end":{}}],"line":45},"2":{"loc":{"start":{"line":45,"column":8},"end":{"line":45,"column":39}},"type":"binary-expr","locations":[{"start":{"line":45,"column":8},"end":{"line":45,"column":20}},{"start":{"line":45,"column":24},"end":{"line":45,"column":39}}],"line":45},"3":{"loc":{"start":{"line":47,"column":8},"end":{"line":50,"column":9}},"type":"if","locations":[{"start":{"line":47,"column":8},"end":{"line":50,"column":9}},{"start":{},"end":{}}],"line":47},"4":{"loc":{"start":{"line":59,"column":4},"end":{"line":68,"column":5}},"type":"if","locations":[{"start":{"line":59,"column":4},"end":{"line":68,"column":5}},{"start":{},"end":{}}],"line":59},"5":{"loc":{"start":{"line":65,"column":8},"end":{"line":66,"column":25}},"type":"if","locations":[{"start":{"line":65,"column":8},"end":{"line":66,"column":25}},{"start":{"line":66,"column":13},"end":{"line":66,"column":25}}],"line":65},"6":{"loc":{"start":{"line":79,"column":4},"end":{"line":98,"column":5}},"type":"if","locations":[{"start":{"line":79,"column":4},"end":{"line":98,"column":5}},{"start":{},"end":{}}],"line":79},"7":{"loc":{"start":{"line":83,"column":8},"end":{"line":89,"column":9}},"type":"if","locations":[{"start":{"line":83,"column":8},"end":{"line":89,"column":9}},{"start":{},"end":{}}],"line":83},"8":{"loc":{"start":{"line":91,"column":6},"end":{"line":97,"column":7}},"type":"if","locations":[{"start":{"line":91,"column":6},"end":{"line":97,"column":7}},{"start":{},"end":{}}],"line":91},"9":{"loc":{"start":{"line":115,"column":4},"end":{"line":135,"column":5}},"type":"if","locations":[{"start":{"line":115,"column":4},"end":{"line":135,"column":5}},{"start":{"line":133,"column":11},"end":{"line":135,"column":5}}],"line":115},"10":{"loc":{"start":{"line":115,"column":8},"end":{"line":115,"column":39}},"type":"binary-expr","locations":[{"start":{"line":115,"column":8},"end":{"line":115,"column":20}},{"start":{"line":115,"column":24},"end":{"line":115,"column":39}}],"line":115},"11":{"loc":{"start":{"line":116,"column":6},"end":{"line":132,"column":7}},"type":"if","locations":[{"start":{"line":116,"column":6},"end":{"line":132,"column":7}},{"start":{"line":130,"column":13},"end":{"line":132,"column":7}}],"line":116},"12":{"loc":{"start":{"line":116,"column":10},"end":{"line":116,"column":39}},"type":"binary-expr","locations":[{"start":{"line":116,"column":10},"end":{"line":116,"column":21}},{"start":{"line":116,"column":25},"end":{"line":116,"column":39}}],"line":116},"13":{"loc":{"start":{"line":142,"column":4},"end":{"line":182,"column":5}},"type":"if","locations":[{"start":{"line":142,"column":4},"end":{"line":182,"column":5}},{"start":{"line":180,"column":11},"end":{"line":182,"column":5}}],"line":142},"14":{"loc":{"start":{"line":145,"column":6},"end":{"line":151,"column":7}},"type":"if","locations":[{"start":{"line":145,"column":6},"end":{"line":151,"column":7}},{"start":{"line":148,"column":13},"end":{"line":151,"column":7}}],"line":145},"15":{"loc":{"start":{"line":145,"column":10},"end":{"line":145,"column":74}},"type":"binary-expr","locations":[{"start":{"line":145,"column":10},"end":{"line":145,"column":22}},{"start":{"line":145,"column":26},"end":{"line":145,"column":41}},{"start":{"line":145,"column":45},"end":{"line":145,"column":56}},{"start":{"line":145,"column":60},"end":{"line":145,"column":74}}],"line":145},"16":{"loc":{"start":{"line":153,"column":6},"end":{"line":174,"column":7}},"type":"if","locations":[{"start":{"line":153,"column":6},"end":{"line":174,"column":7}},{"start":{"line":162,"column":13},"end":{"line":174,"column":7}}],"line":153},"17":{"loc":{"start":{"line":175,"column":6},"end":{"line":178,"column":7}},"type":"if","locations":[{"start":{"line":175,"column":6},"end":{"line":178,"column":7}},{"start":{},"end":{}}],"line":175},"18":{"loc":{"start":{"line":188,"column":9},"end":{"line":188,"column":50}},"type":"cond-expr","locations":[{"start":{"line":188,"column":33},"end":{"line":188,"column":43}},{"start":{"line":188,"column":46},"end":{"line":188,"column":50}}],"line":188},"19":{"loc":{"start":{"line":210,"column":19},"end":{"line":214,"column":26}},"type":"cond-expr","locations":[{"start":{"line":211,"column":22},"end":{"line":213,"column":24}},{"start":{"line":214,"column":22},"end":{"line":214,"column":26}}],"line":210},"20":{"loc":{"start":{"line":210,"column":19},"end":{"line":210,"column":48}},"type":"binary-expr","locations":[{"start":{"line":210,"column":19},"end":{"line":210,"column":28}},{"start":{"line":210,"column":32},"end":{"line":210,"column":48}}],"line":210},"21":{"loc":{"start":{"line":219,"column":17},"end":{"line":237,"column":17}},"type":"cond-expr","locations":[{"start":{"line":220,"column":18},"end":{"line":226,"column":24}},{"start":{"line":228,"column":18},"end":{"line":236,"column":24}}],"line":219},"22":{"loc":{"start":{"line":254,"column":7},"end":{"line":385,"column":14}},"type":"cond-expr","locations":[{"start":{"line":255,"column":10},"end":{"line":384,"column":11}},{"start":{"line":385,"column":10},"end":{"line":385,"column":14}}],"line":254},"23":{"loc":{"start":{"line":254,"column":7},"end":{"line":254,"column":26}},"type":"binary-expr","locations":[{"start":{"line":254,"column":7},"end":{"line":254,"column":11}},{"start":{"line":254,"column":15},"end":{"line":254,"column":26}}],"line":254},"24":{"loc":{"start":{"line":256,"column":12},"end":{"line":383,"column":20}},"type":"cond-expr","locations":[{"start":{"line":257,"column":14},"end":{"line":382,"column":20}},{"start":{"line":383,"column":16},"end":{"line":383,"column":20}}],"line":256},"25":{"loc":{"start":{"line":279,"column":36},"end":{"line":279,"column":73}},"type":"cond-expr","locations":[{"start":{"line":279,"column":61},"end":{"line":279,"column":66}},{"start":{"line":279,"column":69},"end":{"line":279,"column":73}}],"line":279},"26":{"loc":{"start":{"line":282,"column":28},"end":{"line":289,"column":29}},"type":"if","locations":[{"start":{"line":282,"column":28},"end":{"line":289,"column":29}},{"start":{},"end":{}}],"line":282},"27":{"loc":{"start":{"line":284,"column":32},"end":{"line":287,"column":33}},"type":"if","locations":[{"start":{"line":284,"column":32},"end":{"line":287,"column":33}},{"start":{},"end":{}}],"line":284},"28":{"loc":{"start":{"line":290,"column":28},"end":{"line":297,"column":29}},"type":"if","locations":[{"start":{"line":290,"column":28},"end":{"line":297,"column":29}},{"start":{},"end":{}}],"line":290},"29":{"loc":{"start":{"line":307,"column":36},"end":{"line":307,"column":73}},"type":"cond-expr","locations":[{"start":{"line":307,"column":61},"end":{"line":307,"column":66}},{"start":{"line":307,"column":69},"end":{"line":307,"column":73}}],"line":307},"30":{"loc":{"start":{"line":326,"column":27},"end":{"line":334,"column":34}},"type":"cond-expr","locations":[{"start":{"line":327,"column":28},"end":{"line":333,"column":34}},{"start":{"line":334,"column":30},"end":{"line":334,"column":34}}],"line":326},"31":{"loc":{"start":{"line":337,"column":27},"end":{"line":367,"column":34}},"type":"cond-expr","locations":[{"start":{"line":338,"column":28},"end":{"line":366,"column":34}},{"start":{"line":367,"column":30},"end":{"line":367,"column":34}}],"line":337},"32":{"loc":{"start":{"line":355,"column":36},"end":{"line":362,"column":37}},"type":"if","locations":[{"start":{"line":355,"column":36},"end":{"line":362,"column":37}},{"start":{},"end":{}}],"line":355},"33":{"loc":{"start":{"line":425,"column":17},"end":{"line":439,"column":17}},"type":"cond-expr","locations":[{"start":{"line":426,"column":18},"end":{"line":428,"column":24}},{"start":{"line":430,"column":18},"end":{"line":438,"column":24}}],"line":425},"34":{"loc":{"start":{"line":464,"column":9},"end":{"line":464,"column":78}},"type":"binary-expr","locations":[{"start":{"line":464,"column":9},"end":{"line":464,"column":18}},{"start":{"line":464,"column":22},"end":{"line":464,"column":78}}],"line":464}},"s":{"0":1,"1":1,"2":2,"3":1,"4":2,"5":1,"6":1,"7":1,"8":1,"9":1,"10":1,"11":1,"12":1,"13":1,"14":1,"15":1,"16":1,"17":1,"18":1,"19":0,"20":0,"21":1,"22":1,"23":0,"24":0,"25":0,"26":0,"27":0,"28":0,"29":0,"30":0,"31":0,"32":0,"33":0,"34":0,"35":0,"36":0,"37":0,"38":0,"39":0,"40":0,"41":0,"42":0,"43":0,"44":0,"45":0,"46":0,"47":0,"48":0,"49":0,"50":0,"51":0,"52":0,"53":0,"54":0,"55":0,"56":0,"57":0,"58":0,"59":0,"60":0,"61":0,"62":0,"63":0,"64":0,"65":0,"66":0,"67":0,"68":0,"69":0,"70":0,"71":0,"72":0,"73":0,"74":0,"75":0,"76":0,"77":0,"78":0,"79":0,"80":0,"81":0,"82":0,"83":0,"84":1,"85":0,"86":0,"87":0,"88":0,"89":0,"90":0,"91":0,"92":0,"93":0,"94":0,"95":0,"96":0,"97":0,"98":0,"99":0,"100":0,"101":0,"102":0,"103":0,"104":0,"105":0,"106":0,"107":0,"108":0,"109":0,"110":0,"111":0,"112":0},"f":{"0":1,"1":2,"2":2,"3":1,"4":0,"5":1,"6":0,"7":0,"8":0,"9":0,"10":0,"11":0,"12":0,"13":0,"14":0,"15":0,"16":0,"17":0,"18":0,"19":0,"20":0,"21":0,"22":0,"23":0,"24":0,"25":0,"26":0,"27":0,"28":0,"29":0,"30":0,"31":0},"b":{"0":[0,1],"1":[0,1],"2":[1,1],"3":[0,0],"4":[0,0],"5":[0,0],"6":[0,0],"7":[0,0],"8":[0,0],"9":[0,0],"10":[0,0],"11":[0,0],"12":[0,0],"13":[0,0],"14":[0,0],"15":[0,0,0,0],"16":[0,0],"17":[0,0],"18":[0,1],"19":[0,1],"20":[1,1],"21":[0,1],"22":[0,1],"23":[1,1],"24":[0,0],"25":[0,0],"26":[0,0],"27":[0,0],"28":[0,0],"29":[0,0],"30":[0,0],"31":[0,0],"32":[0,0],"33":[0,1],"34":[1,0]},"_coverageSchema":"1a1c01bbd47fc00a2c39e90264f33305004495a9","hash":"043464cf483dce4f11f1ab9229175b5a83957c67"}
,"/workspaces/workspace/src/pages/my-flashcards.jsx": {"path":"/workspaces/workspace/src/pages/my-flashcards.jsx","statementMap":{"0":{"start":{"line":5,"column":24},"end":{"line":5,"column":53}},"1":{"start":{"line":5,"column":47},"end":{"line":5,"column":52}},"2":{"start":{"line":6,"column":2},"end":{"line":27,"column":4}},"3":{"start":{"line":12,"column":12},"end":{"line":18,"column":14}}},"fnMap":{"0":{"name":"MyFlashcards","decl":{"start":{"line":4,"column":24},"end":{"line":4,"column":36}},"loc":{"start":{"line":4,"column":39},"end":{"line":28,"column":1}},"line":4},"1":{"name":"(anonymous_1)","decl":{"start":{"line":5,"column":36},"end":{"line":5,"column":37}},"loc":{"start":{"line":5,"column":47},"end":{"line":5,"column":52}},"line":5},"2":{"name":"(anonymous_2)","decl":{"start":{"line":10,"column":25},"end":{"line":10,"column":26}},"loc":{"start":{"line":12,"column":12},"end":{"line":18,"column":14}},"line":12}},"branchMap":{"0":{"loc":{"start":{"line":8,"column":7},"end":{"line":25,"column":7}},"type":"cond-expr","locations":[{"start":{"line":9,"column":8},"end":{"line":20,"column":14}},{"start":{"line":22,"column":8},"end":{"line":24,"column":14}}],"line":8},"1":{"loc":{"start":{"line":8,"column":7},"end":{"line":8,"column":36}},"type":"binary-expr","locations":[{"start":{"line":8,"column":7},"end":{"line":8,"column":16}},{"start":{"line":8,"column":20},"end":{"line":8,"column":36}}],"line":8}},"s":{"0":1,"1":2,"2":1,"3":0},"f":{"0":1,"1":2,"2":0},"b":{"0":[0,1],"1":[1,1]},"_coverageSchema":"1a1c01bbd47fc00a2c39e90264f33305004495a9","hash":"3812edfaa4eaec80dbfcdee070357381030541f5"}
,"/workspaces/workspace/src/pages/view-card.jsx": {"path":"/workspaces/workspace/src/pages/view-card.jsx","statementMap":{"0":{"start":{"line":15,"column":18},"end":{"line":15,"column":29}},"1":{"start":{"line":16,"column":2},"end":{"line":16,"column":43}},"2":{"start":{"line":18,"column":24},"end":{"line":18,"column":53}},"3":{"start":{"line":18,"column":47},"end":{"line":18,"column":52}},"4":{"start":{"line":19,"column":36},"end":{"line":19,"column":50}},"5":{"start":{"line":20,"column":36},"end":{"line":20,"column":50}},"6":{"start":{"line":21,"column":36},"end":{"line":21,"column":47}},"7":{"start":{"line":22,"column":34},"end":{"line":22,"column":48}},"8":{"start":{"line":24,"column":19},"end":{"line":24,"column":48}},"9":{"start":{"line":24,"column":42},"end":{"line":24,"column":47}},"10":{"start":{"line":25,"column":38},"end":{"line":25,"column":49}},"11":{"start":{"line":26,"column":34},"end":{"line":26,"column":46}},"12":{"start":{"line":29,"column":4},"end":{"line":29,"column":27}},"13":{"start":{"line":33,"column":2},"end":{"line":44,"column":9}},"14":{"start":{"line":34,"column":4},"end":{"line":43,"column":5}},"15":{"start":{"line":35,"column":6},"end":{"line":42,"column":9}},"16":{"start":{"line":36,"column":8},"end":{"line":41,"column":9}},"17":{"start":{"line":37,"column":10},"end":{"line":37,"column":35}},"18":{"start":{"line":38,"column":10},"end":{"line":38,"column":41}},"19":{"start":{"line":39,"column":10},"end":{"line":39,"column":39}},"20":{"start":{"line":40,"column":10},"end":{"line":40,"column":37}},"21":{"start":{"line":47,"column":2},"end":{"line":57,"column":18}},"22":{"start":{"line":48,"column":14},"end":{"line":48,"column":16}},"23":{"start":{"line":49,"column":4},"end":{"line":56,"column":5}},"24":{"start":{"line":50,"column":6},"end":{"line":54,"column":9}},"25":{"start":{"line":51,"column":8},"end":{"line":53,"column":9}},"26":{"start":{"line":52,"column":10},"end":{"line":52,"column":25}},"27":{"start":{"line":55,"column":6},"end":{"line":55,"column":23}},"28":{"start":{"line":61,"column":4},"end":{"line":65,"column":5}},"29":{"start":{"line":62,"column":6},"end":{"line":62,"column":31}},"30":{"start":{"line":64,"column":6},"end":{"line":64,"column":36}},"31":{"start":{"line":69,"column":4},"end":{"line":73,"column":5}},"32":{"start":{"line":70,"column":6},"end":{"line":70,"column":23}},"33":{"start":{"line":72,"column":6},"end":{"line":72,"column":36}},"34":{"start":{"line":76,"column":2},"end":{"line":234,"column":4}},"35":{"start":{"line":113,"column":16},"end":{"line":125,"column":18}},"36":{"start":{"line":121,"column":35},"end":{"line":121,"column":54}},"37":{"start":{"line":132,"column":16},"end":{"line":153,"column":17}},"38":{"start":{"line":133,"column":18},"end":{"line":152,"column":20}},"39":{"start":{"line":181,"column":27},"end":{"line":181,"column":62}},"40":{"start":{"line":221,"column":14},"end":{"line":228,"column":18}}},"fnMap":{"0":{"name":"ViewCard","decl":{"start":{"line":14,"column":24},"end":{"line":14,"column":32}},"loc":{"start":{"line":14,"column":35},"end":{"line":235,"column":1}},"line":14},"1":{"name":"(anonymous_1)","decl":{"start":{"line":18,"column":36},"end":{"line":18,"column":37}},"loc":{"start":{"line":18,"column":47},"end":{"line":18,"column":52}},"line":18},"2":{"name":"(anonymous_2)","decl":{"start":{"line":24,"column":31},"end":{"line":24,"column":32}},"loc":{"start":{"line":24,"column":42},"end":{"line":24,"column":47}},"line":24},"3":{"name":"handleOnClick","decl":{"start":{"line":28,"column":11},"end":{"line":28,"column":24}},"loc":{"start":{"line":28,"column":31},"end":{"line":30,"column":3}},"line":28},"4":{"name":"(anonymous_4)","decl":{"start":{"line":33,"column":12},"end":{"line":33,"column":13}},"loc":{"start":{"line":33,"column":18},"end":{"line":44,"column":3}},"line":33},"5":{"name":"(anonymous_5)","decl":{"start":{"line":35,"column":20},"end":{"line":35,"column":21}},"loc":{"start":{"line":35,"column":30},"end":{"line":42,"column":7}},"line":35},"6":{"name":"(anonymous_6)","decl":{"start":{"line":47,"column":12},"end":{"line":47,"column":13}},"loc":{"start":{"line":47,"column":18},"end":{"line":57,"column":3}},"line":47},"7":{"name":"(anonymous_7)","decl":{"start":{"line":50,"column":15},"end":{"line":50,"column":16}},"loc":{"start":{"line":50,"column":25},"end":{"line":54,"column":7}},"line":50},"8":{"name":"handleLeftClick","decl":{"start":{"line":60,"column":11},"end":{"line":60,"column":26}},"loc":{"start":{"line":60,"column":29},"end":{"line":66,"column":3}},"line":60},"9":{"name":"handleRightClick","decl":{"start":{"line":68,"column":11},"end":{"line":68,"column":27}},"loc":{"start":{"line":68,"column":30},"end":{"line":74,"column":3}},"line":68},"10":{"name":"(anonymous_10)","decl":{"start":{"line":112,"column":29},"end":{"line":112,"column":30}},"loc":{"start":{"line":112,"column":39},"end":{"line":126,"column":15}},"line":112},"11":{"name":"(anonymous_11)","decl":{"start":{"line":121,"column":29},"end":{"line":121,"column":30}},"loc":{"start":{"line":121,"column":35},"end":{"line":121,"column":54}},"line":121},"12":{"name":"(anonymous_12)","decl":{"start":{"line":131,"column":29},"end":{"line":131,"column":30}},"loc":{"start":{"line":131,"column":39},"end":{"line":154,"column":15}},"line":131},"13":{"name":"(anonymous_13)","decl":{"start":{"line":181,"column":21},"end":{"line":181,"column":22}},"loc":{"start":{"line":181,"column":27},"end":{"line":181,"column":62}},"line":181},"14":{"name":"(anonymous_14)","decl":{"start":{"line":220,"column":13},"end":{"line":220,"column":14}},"loc":{"start":{"line":221,"column":14},"end":{"line":228,"column":18}},"line":221}},"branchMap":{"0":{"loc":{"start":{"line":34,"column":4},"end":{"line":43,"column":5}},"type":"if","locations":[{"start":{"line":34,"column":4},"end":{"line":43,"column":5}},{"start":{},"end":{}}],"line":34},"1":{"loc":{"start":{"line":36,"column":8},"end":{"line":41,"column":9}},"type":"if","locations":[{"start":{"line":36,"column":8},"end":{"line":41,"column":9}},{"start":{},"end":{}}],"line":36},"2":{"loc":{"start":{"line":49,"column":4},"end":{"line":56,"column":5}},"type":"if","locations":[{"start":{"line":49,"column":4},"end":{"line":56,"column":5}},{"start":{},"end":{}}],"line":49},"3":{"loc":{"start":{"line":51,"column":8},"end":{"line":53,"column":9}},"type":"if","locations":[{"start":{"line":51,"column":8},"end":{"line":53,"column":9}},{"start":{},"end":{}}],"line":51},"4":{"loc":{"start":{"line":61,"column":4},"end":{"line":65,"column":5}},"type":"if","locations":[{"start":{"line":61,"column":4},"end":{"line":65,"column":5}},{"start":{"line":63,"column":11},"end":{"line":65,"column":5}}],"line":61},"5":{"loc":{"start":{"line":69,"column":4},"end":{"line":73,"column":5}},"type":"if","locations":[{"start":{"line":69,"column":4},"end":{"line":73,"column":5}},{"start":{"line":71,"column":11},"end":{"line":73,"column":5}}],"line":69},"6":{"loc":{"start":{"line":89,"column":13},"end":{"line":96,"column":20}},"type":"cond-expr","locations":[{"start":{"line":90,"column":14},"end":{"line":95,"column":20}},{"start":{"line":96,"column":16},"end":{"line":96,"column":20}}],"line":89},"7":{"loc":{"start":{"line":117,"column":22},"end":{"line":119,"column":76}},"type":"cond-expr","locations":[{"start":{"line":118,"column":26},"end":{"line":118,"column":66}},{"start":{"line":119,"column":26},"end":{"line":119,"column":76}}],"line":117},"8":{"loc":{"start":{"line":132,"column":16},"end":{"line":153,"column":17}},"type":"if","locations":[{"start":{"line":132,"column":16},"end":{"line":153,"column":17}},{"start":{},"end":{}}],"line":132},"9":{"loc":{"start":{"line":139,"column":25},"end":{"line":145,"column":32}},"type":"cond-expr","locations":[{"start":{"line":140,"column":26},"end":{"line":144,"column":28}},{"start":{"line":145,"column":28},"end":{"line":145,"column":32}}],"line":139},"10":{"loc":{"start":{"line":163,"column":17},"end":{"line":163,"column":48}},"type":"cond-expr","locations":[{"start":{"line":163,"column":34},"end":{"line":163,"column":35}},{"start":{"line":163,"column":38},"end":{"line":163,"column":48}}],"line":163}},"s":{"0":0,"1":0,"2":0,"3":0,"4":0,"5":0,"6":0,"7":0,"8":0,"9":0,"10":0,"11":0,"12":0,"13":0,"14":0,"15":0,"16":0,"17":0,"18":0,"19":0,"20":0,"21":0,"22":0,"23":0,"24":0,"25":0,"26":0,"27":0,"28":0,"29":0,"30":0,"31":0,"32":0,"33":0,"34":0,"35":0,"36":0,"37":0,"38":0,"39":0,"40":0},"f":{"0":0,"1":0,"2":0,"3":0,"4":0,"5":0,"6":0,"7":0,"8":0,"9":0,"10":0,"11":0,"12":0,"13":0,"14":0},"b":{"0":[0,0],"1":[0,0],"2":[0,0],"3":[0,0],"4":[0,0],"5":[0,0],"6":[0,0],"7":[0,0],"8":[0,0],"9":[0,0],"10":[0,0]}}
,"/workspaces/workspace/src/store/index.js": {"path":"/workspaces/workspace/src/store/index.js","statementMap":{"0":{"start":{"line":5,"column":14},"end":{"line":10,"column":2}}},"fnMap":{},"branchMap":{},"s":{"0":3},"f":{},"b":{},"_coverageSchema":"1a1c01bbd47fc00a2c39e90264f33305004495a9","hash":"bcff89bb5cadb1e1f56170587a23da10a044db1c"}
,"/workspaces/workspace/src/store/slices/card-slice.js": {"path":"/workspaces/workspace/src/store/slices/card-slice.js","statementMap":{"0":{"start":{"line":16,"column":21},"end":{"line":20,"column":1}},"1":{"start":{"line":17,"column":2},"end":{"line":19,"column":19}},"2":{"start":{"line":18,"column":4},"end":{"line":18,"column":53}},"3":{"start":{"line":19,"column":9},"end":{"line":19,"column":19}},"4":{"start":{"line":21,"column":18},"end":{"line":79,"column":2}},"5":{"start":{"line":26,"column":6},"end":{"line":26,"column":33}},"6":{"start":{"line":27,"column":6},"end":{"line":27,"column":59}},"7":{"start":{"line":31,"column":17},"end":{"line":31,"column":68}},"8":{"start":{"line":31,"column":40},"end":{"line":31,"column":67}},"9":{"start":{"line":32,"column":6},"end":{"line":32,"column":58}},"10":{"start":{"line":33,"column":6},"end":{"line":33,"column":18}},"11":{"start":{"line":38,"column":18},"end":{"line":38,"column":19}},"12":{"start":{"line":39,"column":6},"end":{"line":44,"column":9}},"13":{"start":{"line":40,"column":8},"end":{"line":43,"column":9}},"14":{"start":{"line":41,"column":10},"end":{"line":41,"column":26}},"15":{"start":{"line":42,"column":10},"end":{"line":42,"column":18}},"16":{"start":{"line":45,"column":6},"end":{"line":45,"column":59}},"17":{"start":{"line":48,"column":6},"end":{"line":52,"column":9}},"18":{"start":{"line":49,"column":8},"end":{"line":51,"column":9}},"19":{"start":{"line":50,"column":10},"end":{"line":50,"column":45}},"20":{"start":{"line":53,"column":6},"end":{"line":53,"column":59}},"21":{"start":{"line":56,"column":6},"end":{"line":60,"column":9}},"22":{"start":{"line":57,"column":8},"end":{"line":59,"column":9}},"23":{"start":{"line":58,"column":10},"end":{"line":58,"column":54}},"24":{"start":{"line":61,"column":6},"end":{"line":61,"column":59}},"25":{"start":{"line":64,"column":6},"end":{"line":68,"column":9}},"26":{"start":{"line":65,"column":8},"end":{"line":67,"column":9}},"27":{"start":{"line":66,"column":10},"end":{"line":66,"column":40}},"28":{"start":{"line":70,"column":6},"end":{"line":70,"column":59}},"29":{"start":{"line":74,"column":17},"end":{"line":74,"column":69}},"30":{"start":{"line":74,"column":40},"end":{"line":74,"column":68}},"31":{"start":{"line":75,"column":6},"end":{"line":75,"column":58}},"32":{"start":{"line":76,"column":6},"end":{"line":76,"column":18}},"33":{"start":{"line":88,"column":4},"end":{"line":88,"column":21}}},"fnMap":{"0":{"name":"(anonymous_0)","decl":{"start":{"line":16,"column":21},"end":{"line":16,"column":22}},"loc":{"start":{"line":16,"column":27},"end":{"line":20,"column":1}},"line":16},"1":{"name":"(anonymous_1)","decl":{"start":{"line":25,"column":4},"end":{"line":25,"column":5}},"loc":{"start":{"line":25,"column":27},"end":{"line":28,"column":5}},"line":25},"2":{"name":"(anonymous_2)","decl":{"start":{"line":30,"column":4},"end":{"line":30,"column":5}},"loc":{"start":{"line":30,"column":30},"end":{"line":34,"column":5}},"line":30},"3":{"name":"(anonymous_3)","decl":{"start":{"line":31,"column":30},"end":{"line":31,"column":31}},"loc":{"start":{"line":31,"column":40},"end":{"line":31,"column":67}},"line":31},"4":{"name":"(anonymous_4)","decl":{"start":{"line":37,"column":4},"end":{"line":37,"column":5}},"loc":{"start":{"line":37,"column":29},"end":{"line":46,"column":5}},"line":37},"5":{"name":"(anonymous_5)","decl":{"start":{"line":39,"column":16},"end":{"line":39,"column":17}},"loc":{"start":{"line":39,"column":26},"end":{"line":44,"column":7}},"line":39},"6":{"name":"(anonymous_6)","decl":{"start":{"line":47,"column":4},"end":{"line":47,"column":5}},"loc":{"start":{"line":47,"column":28},"end":{"line":54,"column":5}},"line":47},"7":{"name":"(anonymous_7)","decl":{"start":{"line":48,"column":16},"end":{"line":48,"column":17}},"loc":{"start":{"line":48,"column":26},"end":{"line":52,"column":7}},"line":48},"8":{"name":"(anonymous_8)","decl":{"start":{"line":55,"column":4},"end":{"line":55,"column":5}},"loc":{"start":{"line":55,"column":34},"end":{"line":62,"column":5}},"line":55},"9":{"name":"(anonymous_9)","decl":{"start":{"line":56,"column":16},"end":{"line":56,"column":17}},"loc":{"start":{"line":56,"column":26},"end":{"line":60,"column":7}},"line":56},"10":{"name":"(anonymous_10)","decl":{"start":{"line":63,"column":4},"end":{"line":63,"column":5}},"loc":{"start":{"line":63,"column":27},"end":{"line":71,"column":5}},"line":63},"11":{"name":"(anonymous_11)","decl":{"start":{"line":64,"column":16},"end":{"line":64,"column":17}},"loc":{"start":{"line":64,"column":26},"end":{"line":68,"column":7}},"line":64},"12":{"name":"(anonymous_12)","decl":{"start":{"line":73,"column":4},"end":{"line":73,"column":5}},"loc":{"start":{"line":73,"column":29},"end":{"line":77,"column":5}},"line":73},"13":{"name":"(anonymous_13)","decl":{"start":{"line":74,"column":30},"end":{"line":74,"column":31}},"loc":{"start":{"line":74,"column":40},"end":{"line":74,"column":68}},"line":74}},"branchMap":{"0":{"loc":{"start":{"line":17,"column":2},"end":{"line":19,"column":19}},"type":"if","locations":[{"start":{"line":17,"column":2},"end":{"line":19,"column":19}},{"start":{"line":19,"column":9},"end":{"line":19,"column":19}}],"line":17},"1":{"loc":{"start":{"line":40,"column":8},"end":{"line":43,"column":9}},"type":"if","locations":[{"start":{"line":40,"column":8},"end":{"line":43,"column":9}},{"start":{},"end":{}}],"line":40},"2":{"loc":{"start":{"line":49,"column":8},"end":{"line":51,"column":9}},"type":"if","locations":[{"start":{"line":49,"column":8},"end":{"line":51,"column":9}},{"start":{},"end":{}}],"line":49},"3":{"loc":{"start":{"line":57,"column":8},"end":{"line":59,"column":9}},"type":"if","locations":[{"start":{"line":57,"column":8},"end":{"line":59,"column":9}},{"start":{},"end":{}}],"line":57},"4":{"loc":{"start":{"line":65,"column":8},"end":{"line":67,"column":9}},"type":"if","locations":[{"start":{"line":65,"column":8},"end":{"line":67,"column":9}},{"start":{},"end":{}}],"line":65}},"s":{"0":3,"1":9,"2":0,"3":9,"4":3,"5":0,"6":0,"7":0,"8":0,"9":0,"10":0,"11":0,"12":0,"13":0,"14":0,"15":0,"16":0,"17":0,"18":0,"19":0,"20":0,"21":0,"22":0,"23":0,"24":0,"25":0,"26":0,"27":0,"28":0,"29":0,"30":0,"31":0,"32":0,"33":3},"f":{"0":9,"1":0,"2":0,"3":0,"4":0,"5":0,"6":0,"7":0,"8":0,"9":0,"10":0,"11":0,"12":0,"13":0},"b":{"0":[0,9],"1":[0,0],"2":[0,0],"3":[0,0],"4":[0,0]},"_coverageSchema":"1a1c01bbd47fc00a2c39e90264f33305004495a9","hash":"26f99dc0a636f82482dd19cbe91f3b2db541dae6"}
,"/workspaces/workspace/src/store/slices/group-slice.js": {"path":"/workspaces/workspace/src/store/slices/group-slice.js","statementMap":{"0":{"start":{"line":11,"column":21},"end":{"line":15,"column":1}},"1":{"start":{"line":12,"column":2},"end":{"line":14,"column":19}},"2":{"start":{"line":13,"column":4},"end":{"line":13,"column":54}},"3":{"start":{"line":14,"column":9},"end":{"line":14,"column":19}},"4":{"start":{"line":16,"column":19},"end":{"line":39,"column":2}},"5":{"start":{"line":21,"column":6},"end":{"line":21,"column":33}},"6":{"start":{"line":22,"column":6},"end":{"line":22,"column":60}},"7":{"start":{"line":25,"column":17},"end":{"line":25,"column":69}},"8":{"start":{"line":25,"column":40},"end":{"line":25,"column":68}},"9":{"start":{"line":26,"column":6},"end":{"line":26,"column":59}},"10":{"start":{"line":27,"column":6},"end":{"line":27,"column":18}},"11":{"start":{"line":31,"column":6},"end":{"line":35,"column":9}},"12":{"start":{"line":32,"column":8},"end":{"line":34,"column":9}},"13":{"start":{"line":33,"column":10},"end":{"line":33,"column":52}},"14":{"start":{"line":36,"column":6},"end":{"line":36,"column":60}},"15":{"start":{"line":40,"column":58},"end":{"line":40,"column":76}}},"fnMap":{"0":{"name":"(anonymous_0)","decl":{"start":{"line":11,"column":21},"end":{"line":11,"column":22}},"loc":{"start":{"line":11,"column":27},"end":{"line":15,"column":1}},"line":11},"1":{"name":"(anonymous_1)","decl":{"start":{"line":20,"column":4},"end":{"line":20,"column":5}},"loc":{"start":{"line":20,"column":28},"end":{"line":23,"column":5}},"line":20},"2":{"name":"(anonymous_2)","decl":{"start":{"line":24,"column":4},"end":{"line":24,"column":5}},"loc":{"start":{"line":24,"column":31},"end":{"line":28,"column":5}},"line":24},"3":{"name":"(anonymous_3)","decl":{"start":{"line":25,"column":30},"end":{"line":25,"column":31}},"loc":{"start":{"line":25,"column":40},"end":{"line":25,"column":68}},"line":25},"4":{"name":"(anonymous_4)","decl":{"start":{"line":30,"column":4},"end":{"line":30,"column":5}},"loc":{"start":{"line":30,"column":35},"end":{"line":37,"column":5}},"line":30},"5":{"name":"(anonymous_5)","decl":{"start":{"line":31,"column":16},"end":{"line":31,"column":17}},"loc":{"start":{"line":31,"column":26},"end":{"line":35,"column":7}},"line":31}},"branchMap":{"0":{"loc":{"start":{"line":12,"column":2},"end":{"line":14,"column":19}},"type":"if","locations":[{"start":{"line":12,"column":2},"end":{"line":14,"column":19}},{"start":{"line":14,"column":9},"end":{"line":14,"column":19}}],"line":12},"1":{"loc":{"start":{"line":32,"column":8},"end":{"line":34,"column":9}},"type":"if","locations":[{"start":{"line":32,"column":8},"end":{"line":34,"column":9}},{"start":{},"end":{}}],"line":32}},"s":{"0":3,"1":9,"2":0,"3":9,"4":3,"5":0,"6":0,"7":0,"8":0,"9":0,"10":0,"11":0,"12":0,"13":0,"14":0,"15":3},"f":{"0":9,"1":0,"2":0,"3":0,"4":0,"5":0},"b":{"0":[0,9],"1":[0,0]},"_coverageSchema":"1a1c01bbd47fc00a2c39e90264f33305004495a9","hash":"eb0de1e102db9185f07d99320f44db4fe40c8ddc"}
}
