TN:
SF:src/App.js
FN:12,App
FN:16,(anonymous_1)
FN:22,handleNightModeChange
FN:34,(anonymous_3)
FNF:4
FNH:0
FNDA:0,App
FNDA:0,(anonymous_1)
FNDA:0,handleNightModeChange
FNDA:0,(anonymous_3)
DA:13,0
DA:14,0
DA:16,0
DA:18,0
DA:19,0
DA:23,0
DA:24,0
DA:27,0
DA:34,0
LF:9
LH:0
BRDA:18,0,0,0
BRDA:18,0,1,0
BRDA:23,1,0,0
BRDA:23,1,1,0
BRF:4
BRH:0
end_of_record
TN:
SF:src/index.js
FNF:0
FNH:0
DA:7,0
DA:8,0
DA:10,0
LF:3
LH:0
BRF:0
BRH:0
end_of_record
TN:
SF:src/components/group-tile/index.jsx
FN:8,GroupTile
FN:10,handleDeleteCard
FN:45,(anonymous_2)
FNF:3
FNH:1
FNDA:1,GroupTile
FNDA:0,handleDeleteCard
FNDA:0,(anonymous_2)
DA:9,1
DA:11,0
DA:12,0
DA:13,0
DA:15,1
DA:45,0
DA:54,2
LF:7
LH:3
BRDA:22,0,0,1
BRDA:22,0,1,0
BRDA:34,1,0,0
BRDA:34,1,1,1
BRF:4
BRH:2
end_of_record
TN:
SF:src/components/modal/index.jsx
FN:4,Modal
FNF:1
FNH:0
FNDA:0,Modal
DA:5,0
DA:30,1
LF:2
LH:1
BRDA:22,0,0,0
BRDA:22,0,1,0
BRF:2
BRH:0
end_of_record
TN:
SF:src/components/modal/index.text.js
FN:4,(anonymous_0)
FN:5,(anonymous_1)
FN:6,(anonymous_2)
FNF:3
FNH:0
FNDA:0,(anonymous_0)
FNDA:0,(anonymous_1)
FNDA:0,(anonymous_2)
DA:4,0
DA:5,0
DA:6,0
DA:7,0
DA:8,0
DA:10,0
DA:11,0
LF:7
LH:0
BRF:0
BRH:0
end_of_record
TN:
SF:src/components/night-mode/index.jsx
FN:4,NightMode
FN:6,(anonymous_1)
FN:17,(anonymous_2)
FNF:3
FNH:0
FNDA:0,NightMode
FNDA:0,(anonymous_1)
FNDA:0,(anonymous_2)
DA:6,0
DA:8,0
DA:9,0
DA:13,0
DA:15,0
DA:17,0
DA:18,0
DA:20,0
LF:8
LH:0
BRDA:10,0,0,0
BRDA:10,0,1,0
BRF:2
BRH:0
end_of_record
TN:
SF:src/components/pdf-component/index.jsx
FN:27,PDFComponent
FN:40,(anonymous_1)
FNF:2
FNH:0
FNDA:0,PDFComponent
FNDA:0,(anonymous_1)
DA:13,0
DA:28,0
DA:41,0
DA:60,0
LF:4
LH:0
BRDA:34,0,0,0
BRDA:34,0,1,0
BRDA:47,1,0,0
BRDA:47,1,1,0
BRF:4
BRH:0
end_of_record
TN:
SF:src/components/tabs/index.jsx
FN:5,Tabs
FN:37,(anonymous_1)
FN:49,(anonymous_2)
FNF:3
FNH:0
FNDA:0,Tabs
FNDA:0,(anonymous_1)
FNDA:0,(anonymous_2)
DA:6,0
DA:8,0
DA:37,0
DA:49,0
LF:4
LH:0
BRDA:33,0,0,0
BRDA:33,0,1,0
BRDA:45,1,0,0
BRDA:45,1,1,0
BRF:4
BRH:0
end_of_record
TN:
SF:src/pages/create-new.jsx
FN:17,CreateFlashcards
FN:19,(anonymous_1)
FN:20,(anonymous_2)
FN:35,(anonymous_3)
FN:37,(anonymous_4)
FN:44,(anonymous_5)
FN:46,(anonymous_6)
FN:56,handlesetImg
FN:62,(anonymous_8)
FN:72,handleEditCard
FN:77,handleGroupName
FN:82,(anonymous_11)
FN:102,onClose
FN:106,handleDeleteCard
FN:113,handleSaveCard
FN:140,handleSaveGroup
FN:203,(anonymous_16)
FN:211,(anonymous_17)
FN:234,(anonymous_18)
FN:246,(anonymous_19)
FN:255,(anonymous_20)
FN:280,(anonymous_21)
FN:283,(anonymous_22)
FN:308,(anonymous_23)
FN:344,(anonymous_24)
FN:350,(anonymous_25)
FN:354,(anonymous_26)
FN:372,(anonymous_27)
FN:375,(anonymous_28)
FN:407,(anonymous_29)
FN:418,(anonymous_30)
FN:436,(anonymous_31)
FNF:32
FNH:5
FNDA:1,CreateFlashcards
FNDA:2,(anonymous_1)
FNDA:2,(anonymous_2)
FNDA:1,(anonymous_3)
FNDA:0,(anonymous_4)
FNDA:1,(anonymous_5)
FNDA:0,(anonymous_6)
FNDA:0,handlesetImg
FNDA:0,(anonymous_8)
FNDA:0,handleEditCard
FNDA:0,handleGroupName
FNDA:0,(anonymous_11)
FNDA:0,onClose
FNDA:0,handleDeleteCard
FNDA:0,handleSaveCard
FNDA:0,handleSaveGroup
FNDA:0,(anonymous_16)
FNDA:0,(anonymous_17)
FNDA:0,(anonymous_18)
FNDA:0,(anonymous_19)
FNDA:0,(anonymous_20)
FNDA:0,(anonymous_21)
FNDA:0,(anonymous_22)
FNDA:0,(anonymous_23)
FNDA:0,(anonymous_24)
FNDA:0,(anonymous_25)
FNDA:0,(anonymous_26)
FNDA:0,(anonymous_27)
FNDA:0,(anonymous_28)
FNDA:0,(anonymous_29)
FNDA:0,(anonymous_30)
FNDA:0,(anonymous_31)
DA:18,1
DA:19,2
DA:20,2
DA:21,1
DA:22,1
DA:23,1
DA:24,1
DA:25,1
DA:26,1
DA:27,1
DA:28,1
DA:29,1
DA:30,1
DA:31,1
DA:32,1
DA:35,1
DA:36,1
DA:37,0
DA:38,0
DA:44,1
DA:45,1
DA:46,0
DA:47,0
DA:48,0
DA:49,0
DA:58,0
DA:59,0
DA:60,0
DA:62,0
DA:63,0
DA:65,0
DA:66,0
DA:73,0
DA:74,0
DA:78,0
DA:79,0
DA:80,0
DA:82,0
DA:83,0
DA:84,0
DA:85,0
DA:86,0
DA:87,0
DA:88,0
DA:91,0
DA:93,0
DA:94,0
DA:95,0
DA:96,0
DA:103,0
DA:107,0
DA:108,0
DA:109,0
DA:110,0
DA:114,0
DA:115,0
DA:116,0
DA:117,0
DA:125,0
DA:126,0
DA:127,0
DA:128,0
DA:129,0
DA:131,0
DA:134,0
DA:141,0
DA:142,0
DA:143,0
DA:145,0
DA:147,0
DA:150,0
DA:153,0
DA:155,0
DA:161,0
DA:164,0
DA:169,0
DA:170,0
DA:175,0
DA:177,0
DA:179,0
DA:181,0
DA:185,1
DA:203,0
DA:212,0
DA:234,0
DA:246,0
DA:256,0
DA:281,0
DA:282,0
DA:283,0
DA:284,0
DA:285,0
DA:286,0
DA:290,0
DA:291,0
DA:309,0
DA:345,0
DA:346,0
DA:348,0
DA:350,0
DA:351,0
DA:354,0
DA:355,0
DA:356,0
DA:361,0
DA:372,0
DA:375,0
DA:407,0
DA:418,0
DA:436,0
LF:110
LH:20
BRDA:36,0,0,0
BRDA:36,0,1,1
BRDA:45,1,0,0
BRDA:45,1,1,1
BRDA:45,2,0,1
BRDA:45,2,1,1
BRDA:47,3,0,0
BRDA:47,3,1,0
BRDA:59,4,0,0
BRDA:59,4,1,0
BRDA:65,5,0,0
BRDA:65,5,1,0
BRDA:79,6,0,0
BRDA:79,6,1,0
BRDA:83,7,0,0
BRDA:83,7,1,0
BRDA:91,8,0,0
BRDA:91,8,1,0
BRDA:115,9,0,0
BRDA:115,9,1,0
BRDA:115,10,0,0
BRDA:115,10,1,0
BRDA:116,11,0,0
BRDA:116,11,1,0
BRDA:116,12,0,0
BRDA:116,12,1,0
BRDA:142,13,0,0
BRDA:142,13,1,0
BRDA:145,14,0,0
BRDA:145,14,1,0
BRDA:145,15,0,0
BRDA:145,15,1,0
BRDA:145,15,2,0
BRDA:145,15,3,0
BRDA:153,16,0,0
BRDA:153,16,1,0
BRDA:175,17,0,0
BRDA:175,17,1,0
BRDA:188,18,0,0
BRDA:188,18,1,1
BRDA:210,19,0,0
BRDA:210,19,1,1
BRDA:210,20,0,1
BRDA:210,20,1,1
BRDA:219,21,0,0
BRDA:219,21,1,1
BRDA:254,22,0,0
BRDA:254,22,1,1
BRDA:254,23,0,1
BRDA:254,23,1,1
BRDA:256,24,0,0
BRDA:256,24,1,0
BRDA:279,25,0,0
BRDA:279,25,1,0
BRDA:282,26,0,0
BRDA:282,26,1,0
BRDA:284,27,0,0
BRDA:284,27,1,0
BRDA:290,28,0,0
BRDA:290,28,1,0
BRDA:307,29,0,0
BRDA:307,29,1,0
BRDA:326,30,0,0
BRDA:326,30,1,0
BRDA:337,31,0,0
BRDA:337,31,1,0
BRDA:355,32,0,0
BRDA:355,32,1,0
BRDA:425,33,0,0
BRDA:425,33,1,1
BRDA:464,34,0,1
BRDA:464,34,1,0
BRF:72
BRH:14
end_of_record
TN:
SF:src/pages/my-flashcards.jsx
FN:4,MyFlashcards
FN:5,(anonymous_1)
FN:10,(anonymous_2)
FNF:3
FNH:2
FNDA:1,MyFlashcards
FNDA:2,(anonymous_1)
FNDA:0,(anonymous_2)
DA:5,2
DA:6,1
DA:12,0
LF:3
LH:2
BRDA:8,0,0,0
BRDA:8,0,1,1
BRDA:8,1,0,1
BRDA:8,1,1,1
BRF:4
BRH:3
end_of_record
TN:
SF:src/pages/view-card.jsx
FN:14,ViewCard
FN:18,(anonymous_1)
FN:24,(anonymous_2)
FN:28,handleOnClick
FN:33,(anonymous_4)
FN:35,(anonymous_5)
FN:47,(anonymous_6)
FN:50,(anonymous_7)
FN:60,handleLeftClick
FN:68,handleRightClick
FN:112,(anonymous_10)
FN:121,(anonymous_11)
FN:131,(anonymous_12)
FN:181,(anonymous_13)
FN:220,(anonymous_14)
FNF:15
FNH:0
FNDA:0,ViewCard
FNDA:0,(anonymous_1)
FNDA:0,(anonymous_2)
FNDA:0,handleOnClick
FNDA:0,(anonymous_4)
FNDA:0,(anonymous_5)
FNDA:0,(anonymous_6)
FNDA:0,(anonymous_7)
FNDA:0,handleLeftClick
FNDA:0,handleRightClick
FNDA:0,(anonymous_10)
FNDA:0,(anonymous_11)
FNDA:0,(anonymous_12)
FNDA:0,(anonymous_13)
FNDA:0,(anonymous_14)
DA:15,0
DA:16,0
DA:18,0
DA:19,0
DA:20,0
DA:21,0
DA:22,0
DA:24,0
DA:25,0
DA:26,0
DA:29,0
DA:33,0
DA:34,0
DA:35,0
DA:36,0
DA:37,0
DA:38,0
DA:39,0
DA:40,0
DA:47,0
DA:48,0
DA:49,0
DA:50,0
DA:51,0
DA:52,0
DA:55,0
DA:61,0
DA:62,0
DA:64,0
DA:69,0
DA:70,0
DA:72,0
DA:76,0
DA:113,0
DA:121,0
DA:132,0
DA:133,0
DA:181,0
DA:221,0
LF:39
LH:0
BRDA:34,0,0,0
BRDA:34,0,1,0
BRDA:36,1,0,0
BRDA:36,1,1,0
BRDA:49,2,0,0
BRDA:49,2,1,0
BRDA:51,3,0,0
BRDA:51,3,1,0
BRDA:61,4,0,0
BRDA:61,4,1,0
BRDA:69,5,0,0
BRDA:69,5,1,0
BRDA:89,6,0,0
BRDA:89,6,1,0
BRDA:117,7,0,0
BRDA:117,7,1,0
BRDA:132,8,0,0
BRDA:132,8,1,0
BRDA:139,9,0,0
BRDA:139,9,1,0
BRDA:163,10,0,0
BRDA:163,10,1,0
BRF:22
BRH:0
end_of_record
TN:
SF:src/store/index.js
FNF:0
FNH:0
DA:5,3
LF:1
LH:1
BRF:0
BRH:0
end_of_record
TN:
SF:src/store/slices/card-slice.js
FN:16,(anonymous_0)
FN:25,(anonymous_1)
FN:30,(anonymous_2)
FN:31,(anonymous_3)
FN:37,(anonymous_4)
FN:39,(anonymous_5)
FN:47,(anonymous_6)
FN:48,(anonymous_7)
FN:55,(anonymous_8)
FN:56,(anonymous_9)
FN:63,(anonymous_10)
FN:64,(anonymous_11)
FN:73,(anonymous_12)
FN:74,(anonymous_13)
FNF:14
FNH:1
FNDA:9,(anonymous_0)
FNDA:0,(anonymous_1)
FNDA:0,(anonymous_2)
FNDA:0,(anonymous_3)
FNDA:0,(anonymous_4)
FNDA:0,(anonymous_5)
FNDA:0,(anonymous_6)
FNDA:0,(anonymous_7)
FNDA:0,(anonymous_8)
FNDA:0,(anonymous_9)
FNDA:0,(anonymous_10)
FNDA:0,(anonymous_11)
FNDA:0,(anonymous_12)
FNDA:0,(anonymous_13)
DA:16,3
DA:17,9
DA:18,0
DA:19,9
DA:21,3
DA:26,0
DA:27,0
DA:31,0
DA:32,0
DA:33,0
DA:38,0
DA:39,0
DA:40,0
DA:41,0
DA:42,0
DA:45,0
DA:48,0
DA:49,0
DA:50,0
DA:53,0
DA:56,0
DA:57,0
DA:58,0
DA:61,0
DA:64,0
DA:65,0
DA:66,0
DA:70,0
DA:74,0
DA:75,0
DA:76,0
DA:88,3
LF:32
LH:5
BRDA:17,0,0,0
BRDA:17,0,1,9
BRDA:40,1,0,0
BRDA:40,1,1,0
BRDA:49,2,0,0
BRDA:49,2,1,0
BRDA:57,3,0,0
BRDA:57,3,1,0
BRDA:65,4,0,0
BRDA:65,4,1,0
BRF:10
BRH:1
end_of_record
TN:
SF:src/store/slices/group-slice.js
FN:11,(anonymous_0)
FN:20,(anonymous_1)
FN:24,(anonymous_2)
FN:25,(anonymous_3)
FN:30,(anonymous_4)
FN:31,(anonymous_5)
FNF:6
FNH:1
FNDA:9,(anonymous_0)
FNDA:0,(anonymous_1)
FNDA:0,(anonymous_2)
FNDA:0,(anonymous_3)
FNDA:0,(anonymous_4)
FNDA:0,(anonymous_5)
DA:11,3
DA:12,9
DA:13,0
DA:14,9
DA:16,3
DA:21,0
DA:22,0
DA:25,0
DA:26,0
DA:27,0
DA:31,0
DA:32,0
DA:33,0
DA:36,0
DA:40,3
LF:15
LH:5
BRDA:12,0,0,0
BRDA:12,0,1,9
BRDA:32,1,0,0
BRDA:32,1,1,0
BRF:4
BRH:1
end_of_record
